2/14/2026 3:19:16 PM: App Constructor started
2/14/2026 3:19:18 PM: App OnStartup started
2/14/2026 3:19:19 PM: MainWindow Constructor started
2/14/2026 3:19:19 PM: MainWindow InitializeComponent finished
2/14/2026 3:19:20 PM: MainWindow Initial Navigation done
2/14/2026 3:19:20 PM: MainWindow Loaded
2/14/2026 3:19:20 PM: App OnStartup finished
2/14/2026 4:20:06 PM: App Constructor started
2/14/2026 4:20:07 PM: App OnStartup started
2/14/2026 4:20:07 PM: MainWindow Constructor started
2/14/2026 4:20:07 PM: MainWindow InitializeComponent finished
2/14/2026 4:20:08 PM: MainWindow Initial Navigation done
2/14/2026 4:20:08 PM: MainWindow Loaded
2/14/2026 4:20:08 PM: App OnStartup finished
2/14/2026 4:20:33 PM: App Constructor started
2/14/2026 4:20:33 PM: App OnStartup started
2/14/2026 4:20:33 PM: MainWindow Constructor started
2/14/2026 4:20:34 PM: MainWindow InitializeComponent finished
2/14/2026 4:20:34 PM: MainWindow Initial Navigation done
2/14/2026 4:20:34 PM: MainWindow Loaded
2/14/2026 4:20:34 PM: App OnStartup finished
