2/10/2026 9:44:41 AM: App Constructor started
2/10/2026 9:44:41 AM: App OnStartup started
2/10/2026 9:44:41 AM: App OnStartup finished
2/10/2026 9:44:41 AM: MainWindow Constructor started
2/10/2026 9:44:41 AM: MainWindow InitializeComponent finished
2/10/2026 9:44:41 AM: MainWindow Initial Navigation done
2/10/2026 9:44:41 AM: MainWindow Loaded
2/10/2026 9:45:53 AM: App Constructor started
2/10/2026 9:45:54 AM: App OnStartup started
2/10/2026 9:45:54 AM: App OnStartup finished
2/10/2026 9:45:54 AM: MainWindow Constructor started
2/10/2026 9:45:54 AM: MainWindow InitializeComponent finished
2/10/2026 9:45:54 AM: MainWindow Initial Navigation done
2/10/2026 9:45:54 AM: MainWindow Loaded
2/10/2026 9:53:07 AM: App Constructor started
2/10/2026 9:53:07 AM: App OnStartup started
2/10/2026 9:53:07 AM: App OnStartup finished
2/10/2026 9:53:07 AM: MainWindow Constructor started
2/10/2026 9:53:07 AM: MainWindow InitializeComponent finished
2/10/2026 9:53:07 AM: MainWindow Initial Navigation done
2/10/2026 9:53:08 AM: MainWindow Loaded
2/10/2026 2:28:54 PM: App Constructor started
2/10/2026 2:28:54 PM: App OnStartup started
2/10/2026 2:28:54 PM: App OnStartup finished
2/10/2026 2:28:54 PM: MainWindow Constructor started
2/10/2026 2:28:54 PM: MainWindow InitializeComponent finished
2/10/2026 2:28:54 PM: MainWindow Initial Navigation done
2/10/2026 2:28:55 PM: MainWindow Loaded
2/10/2026 2:34:13 PM: App Constructor started
2/10/2026 2:34:13 PM: App OnStartup started
2/10/2026 2:34:13 PM: App OnStartup finished
2/10/2026 2:34:13 PM: MainWindow Constructor started
2/10/2026 2:34:13 PM: MainWindow InitializeComponent finished
2/10/2026 2:34:14 PM: MainWindow Initial Navigation done
2/10/2026 2:34:14 PM: MainWindow Loaded
2/10/2026 2:47:01 PM: App Constructor started
2/10/2026 2:47:02 PM: App OnStartup started
2/10/2026 2:47:02 PM: MainWindow Constructor started
2/10/2026 2:47:02 PM: MainWindow InitializeComponent finished
2/10/2026 2:47:02 PM: MainWindow Initial Navigation done
2/10/2026 2:47:02 PM: MainWindow Loaded
2/10/2026 2:47:02 PM: App OnStartup finished
2/10/2026 2:47:02 PM: CRITICAL ERROR: Unhandled Exception: 'No matching constructor found on type 'BankingEcosystem.Atm.UI.MainWindow'. You can use the Arguments or FactoryMethod directives to construct this type.' Line number '3' and line position '9'.
Inner Exception: No default constructor found for type 'BankingEcosystem.Atm.UI.MainWindow'. You can use the Arguments or FactoryMethod directives to construct this type.
   at System.Windows.Markup.XamlReader.RewrapException(Exception e, IXamlLineInfo lineInfo, Uri baseUri)
   at System.Windows.Markup.WpfXamlLoader.Load(XamlReader xamlReader, IXamlObjectWriterFactory writerFactory, Boolean skipJournaledProperties, Object rootObject, XamlObjectWriterSettings settings, Uri baseUri)
   at System.Windows.Markup.WpfXamlLoader.LoadBaml(XamlReader xamlReader, Boolean skipJournaledProperties, Object rootObject, XamlAccessLevel accessLevel, Uri baseUri)
   at System.Windows.Markup.XamlReader.LoadBaml(Stream stream, ParserContext parserContext, Object parent, Boolean closeStream)
   at System.Windows.Application.LoadBamlStreamWithSyncInfo(Stream stream, ParserContext pc)
   at System.Windows.Application.DoStartup()
   at System.Windows.Application.<.ctor>b__1_0(Object unused)
   at System.Windows.Threading.ExceptionWrapper.InternalRealCall(Delegate callback, Object args, Int32 numArgs)
   at System.Windows.Threading.ExceptionWrapper.TryCatchWhen(Object source, Delegate callback, Object args, Int32 numArgs, Delegate catchHandler)
2/10/2026 2:58:15 PM: App Constructor started
2/10/2026 2:58:15 PM: App OnStartup started
2/10/2026 2:58:15 PM: MainWindow Constructor started
2/10/2026 2:58:15 PM: MainWindow InitializeComponent finished
2/10/2026 2:58:15 PM: MainWindow Initial Navigation done
2/10/2026 2:58:15 PM: MainWindow Loaded
2/10/2026 2:58:15 PM: App OnStartup finished
2/10/2026 3:00:25 PM: App Constructor started
2/10/2026 3:00:25 PM: App OnStartup started
2/10/2026 3:00:25 PM: MainWindow Constructor started
2/10/2026 3:00:26 PM: MainWindow InitializeComponent finished
2/10/2026 3:00:26 PM: MainWindow Initial Navigation done
2/10/2026 3:00:26 PM: MainWindow Loaded
2/10/2026 3:00:26 PM: App OnStartup finished
2/10/2026 3:14:56 PM: App Constructor started
2/10/2026 3:14:56 PM: App OnStartup started
2/10/2026 3:14:56 PM: MainWindow Constructor started
2/10/2026 3:14:56 PM: MainWindow InitializeComponent finished
2/10/2026 3:14:57 PM: MainWindow Initial Navigation done
2/10/2026 3:14:57 PM: MainWindow Loaded
2/10/2026 3:14:57 PM: App OnStartup finished
2/10/2026 3:18:15 PM: App Constructor started
2/10/2026 3:18:15 PM: App OnStartup started
2/10/2026 3:18:15 PM: MainWindow Constructor started
2/10/2026 3:18:15 PM: MainWindow InitializeComponent finished
2/10/2026 3:18:16 PM: MainWindow Initial Navigation done
2/10/2026 3:18:16 PM: MainWindow Loaded
2/10/2026 3:18:16 PM: App OnStartup finished
2/10/2026 3:20:08 PM: App Constructor started
2/10/2026 3:20:08 PM: App OnStartup started
2/10/2026 3:20:09 PM: MainWindow Constructor started
2/10/2026 3:20:09 PM: MainWindow InitializeComponent finished
2/10/2026 3:20:09 PM: MainWindow Initial Navigation done
2/10/2026 3:20:09 PM: MainWindow Loaded
2/10/2026 3:20:09 PM: App OnStartup finished
2/10/2026 3:25:18 PM: App Constructor started
2/10/2026 3:25:18 PM: App OnStartup started
2/10/2026 3:25:18 PM: MainWindow Constructor started
2/10/2026 3:25:18 PM: MainWindow InitializeComponent finished
2/10/2026 3:25:19 PM: MainWindow Initial Navigation done
2/10/2026 3:25:19 PM: MainWindow Loaded
2/10/2026 3:25:19 PM: App OnStartup finished
2/10/2026 3:28:02 PM: App Constructor started
2/10/2026 3:28:02 PM: App OnStartup started
2/10/2026 3:28:03 PM: MainWindow Constructor started
2/10/2026 3:28:03 PM: MainWindow InitializeComponent finished
2/10/2026 3:28:03 PM: MainWindow Initial Navigation done
2/10/2026 3:28:03 PM: MainWindow Loaded
2/10/2026 3:28:03 PM: App OnStartup finished
2/10/2026 3:29:52 PM: App Constructor started
2/10/2026 3:29:52 PM: App OnStartup started
2/10/2026 3:29:52 PM: MainWindow Constructor started
2/10/2026 3:29:52 PM: MainWindow InitializeComponent finished
2/10/2026 3:29:53 PM: MainWindow Initial Navigation done
2/10/2026 3:29:53 PM: MainWindow Loaded
2/10/2026 3:29:53 PM: App OnStartup finished
2/10/2026 3:33:10 PM: App Constructor started
2/10/2026 3:33:10 PM: App OnStartup started
2/10/2026 3:33:10 PM: MainWindow Constructor started
2/10/2026 3:33:10 PM: MainWindow InitializeComponent finished
2/10/2026 3:33:10 PM: MainWindow Initial Navigation done
2/10/2026 3:33:11 PM: MainWindow Loaded
2/10/2026 3:33:11 PM: App OnStartup finished
2/10/2026 3:34:36 PM: App Constructor started
2/10/2026 3:34:36 PM: App OnStartup started
2/10/2026 3:34:36 PM: MainWindow Constructor started
2/10/2026 3:34:36 PM: MainWindow InitializeComponent finished
2/10/2026 3:34:36 PM: MainWindow Initial Navigation done
2/10/2026 3:34:37 PM: MainWindow Loaded
2/10/2026 3:34:37 PM: App OnStartup finished
2/10/2026 3:38:21 PM: App Constructor started
2/10/2026 3:38:21 PM: App OnStartup started
2/10/2026 3:38:21 PM: MainWindow Constructor started
2/10/2026 3:38:21 PM: MainWindow InitializeComponent finished
2/10/2026 3:38:22 PM: MainWindow Initial Navigation done
2/10/2026 3:38:22 PM: MainWindow Loaded
2/10/2026 3:38:22 PM: App OnStartup finished
2/10/2026 3:44:18 PM: App Constructor started
2/10/2026 3:44:18 PM: App OnStartup started
2/10/2026 3:44:18 PM: MainWindow Constructor started
2/10/2026 3:44:19 PM: MainWindow InitializeComponent finished
2/10/2026 3:44:19 PM: MainWindow Initial Navigation done
2/10/2026 3:44:19 PM: MainWindow Loaded
2/10/2026 3:44:19 PM: App OnStartup finished
2/10/2026 3:53:39 PM: App Constructor started
2/10/2026 3:53:39 PM: App OnStartup started
2/10/2026 3:53:39 PM: MainWindow Constructor started
2/10/2026 3:53:39 PM: MainWindow InitializeComponent finished
2/10/2026 3:53:39 PM: MainWindow Initial Navigation done
2/10/2026 3:53:39 PM: MainWindow Loaded
2/10/2026 3:53:39 PM: App OnStartup finished
2/10/2026 4:21:02 PM: App Constructor started
2/10/2026 4:21:02 PM: App OnStartup started
2/10/2026 4:21:02 PM: MainWindow Constructor started
2/10/2026 4:21:02 PM: MainWindow InitializeComponent finished
2/10/2026 4:21:02 PM: MainWindow Initial Navigation done
2/10/2026 4:21:02 PM: MainWindow Loaded
2/10/2026 4:21:02 PM: App OnStartup finished
2/11/2026 2:14:09 PM: App Constructor started
2/11/2026 2:14:09 PM: App OnStartup started
2/11/2026 2:14:10 PM: MainWindow Constructor started
2/11/2026 2:14:10 PM: MainWindow InitializeComponent finished
2/11/2026 2:14:10 PM: MainWindow Initial Navigation done
2/11/2026 2:14:10 PM: MainWindow Loaded
2/11/2026 2:14:10 PM: App OnStartup finished
